Mensaje I / 00:00:00:000 / Root(00) para top(01)
Mensaje I / 00:00:00:000 / top(01) para emergency_fire(02)
Mensaje D / 00:00:00:000 / emergency_fire(02) / ... para top(01)
Mensaje D / 00:00:00:000 / top(01) / ... para Root(00)
Mensaje X / 00:00:20:000 / Root(00) / in /      1.00000 para top(01)
Mensaje X / 00:00:20:000 / top(01) / in /      1.00000 para emergency_fire(02)
Mensaje D / 00:00:20:000 / emergency_fire(02) / 00:00:00:004 para top(01)
Mensaje D / 00:00:20:000 / top(01) / 00:00:00:004 para Root(00)
Mensaje * / 00:00:20:004 / Root(00) para top(01)
Mensaje * / 00:00:20:004 / top(01) para emergency_fire(02)
Mensaje Y / 00:00:20:004 / emergency_fire(02) / out /      1.00000 para top(01)
Mensaje D / 00:00:20:004 / emergency_fire(02) / ... para top(01)
Mensaje Y / 00:00:20:004 / top(01) / out /      1.00000 para Root(00)
Mensaje D / 00:00:20:004 / top(01) / ... para Root(00)
Mensaje X / 00:01:00:000 / Root(00) / in /      0.00000 para top(01)
Mensaje X / 00:01:00:000 / top(01) / in /      0.00000 para emergency_fire(02)
Mensaje D / 00:01:00:000 / emergency_fire(02) / ... para top(01)
Mensaje D / 00:01:00:000 / top(01) / ... para Root(00)
Mensaje X / 00:02:30:000 / Root(00) / in /      1.00000 para top(01)
Mensaje X / 00:02:30:000 / top(01) / in /      1.00000 para emergency_fire(02)
Mensaje D / 00:02:30:000 / emergency_fire(02) / 00:00:00:004 para top(01)
Mensaje D / 00:02:30:000 / top(01) / 00:00:00:004 para Root(00)
Mensaje * / 00:02:30:004 / Root(00) para top(01)
Mensaje * / 00:02:30:004 / top(01) para emergency_fire(02)
Mensaje Y / 00:02:30:004 / emergency_fire(02) / out /      1.00000 para top(01)
Mensaje D / 00:02:30:004 / emergency_fire(02) / ... para top(01)
Mensaje Y / 00:02:30:004 / top(01) / out /      1.00000 para Root(00)
Mensaje D / 00:02:30:004 / top(01) / ... para Root(00)
Mensaje X / 00:03:20:000 / Root(00) / in /      0.00000 para top(01)
Mensaje X / 00:03:20:000 / top(01) / in /      0.00000 para emergency_fire(02)
Mensaje D / 00:03:20:000 / emergency_fire(02) / ... para top(01)
Mensaje D / 00:03:20:000 / top(01) / ... para Root(00)
