Mensaje I / 00:00:00:000 / Root(00) para top(01)
Mensaje I / 00:00:00:000 / top(01) para electric_fire(02)
Mensaje I / 00:00:00:000 / top(01) para manual_fire(03)
Mensaje I / 00:00:00:000 / top(01) para emergency_fire(04)
Mensaje I / 00:00:00:000 / top(01) para fire(05)
Mensaje D / 00:00:00:000 / electric_fire(02) / ... para top(01)
Mensaje D / 00:00:00:000 / manual_fire(03) / ... para top(01)
Mensaje D / 00:00:00:000 / emergency_fire(04) / ... para top(01)
Mensaje D / 00:00:00:000 / fire(05) / ... para top(01)
Mensaje D / 00:00:00:000 / top(01) / ... para Root(00)
Mensaje X / 00:00:20:000 / Root(00) / ecin /      1.00000 para top(01)
Mensaje X / 00:00:20:000 / top(01) / in /      1.00000 para electric_fire(02)
Mensaje D / 00:00:20:000 / electric_fire(02) / 00:00:00:004 para top(01)
Mensaje D / 00:00:20:000 / top(01) / 00:00:00:004 para Root(00)
Mensaje * / 00:00:20:004 / Root(00) para top(01)
Mensaje * / 00:00:20:004 / top(01) para electric_fire(02)
Mensaje Y / 00:00:20:004 / electric_fire(02) / out /      1.00000 para top(01)
Mensaje D / 00:00:20:004 / electric_fire(02) / ... para top(01)
Mensaje X / 00:00:20:004 / top(01) / ecin /      1.00000 para fire(05)
Mensaje D / 00:00:20:004 / fire(05) / 00:00:00:004 para top(01)
Mensaje D / 00:00:20:004 / top(01) / 00:00:00:004 para Root(00)
Mensaje * / 00:00:20:008 / Root(00) para top(01)
Mensaje * / 00:00:20:008 / top(01) para fire(05)
Mensaje Y / 00:00:20:008 / fire(05) / out /      1.00000 para top(01)
Mensaje D / 00:00:20:008 / fire(05) / ... para top(01)
Mensaje Y / 00:00:20:008 / top(01) / out /      1.00000 para Root(00)
Mensaje D / 00:00:20:008 / top(01) / ... para Root(00)
Mensaje X / 00:01:00:000 / Root(00) / min /      1.00000 para top(01)
Mensaje X / 00:01:00:000 / top(01) / in /      1.00000 para manual_fire(03)
Mensaje D / 00:01:00:000 / manual_fire(03) / 00:00:00:004 para top(01)
Mensaje D / 00:01:00:000 / top(01) / 00:00:00:004 para Root(00)
Mensaje * / 00:01:00:004 / Root(00) para top(01)
Mensaje * / 00:01:00:004 / top(01) para manual_fire(03)
Mensaje Y / 00:01:00:004 / manual_fire(03) / out /      1.00000 para top(01)
Mensaje D / 00:01:00:004 / manual_fire(03) / ... para top(01)
Mensaje X / 00:01:00:004 / top(01) / min /      1.00000 para fire(05)
Mensaje D / 00:01:00:004 / fire(05) / 00:00:00:004 para top(01)
Mensaje D / 00:01:00:004 / top(01) / 00:00:00:004 para Root(00)
Mensaje * / 00:01:00:008 / Root(00) para top(01)
Mensaje * / 00:01:00:008 / top(01) para fire(05)
Mensaje Y / 00:01:00:008 / fire(05) / out /      1.00000 para top(01)
Mensaje D / 00:01:00:008 / fire(05) / ... para top(01)
Mensaje Y / 00:01:00:008 / top(01) / out /      1.00000 para Root(00)
Mensaje D / 00:01:00:008 / top(01) / ... para Root(00)
Mensaje X / 00:02:30:000 / Root(00) / emin /      1.00000 para top(01)
Mensaje X / 00:02:30:000 / top(01) / in /      1.00000 para emergency_fire(04)
Mensaje D / 00:02:30:000 / emergency_fire(04) / 00:00:00:004 para top(01)
Mensaje D / 00:02:30:000 / top(01) / 00:00:00:004 para Root(00)
Mensaje * / 00:02:30:004 / Root(00) para top(01)
Mensaje * / 00:02:30:004 / top(01) para emergency_fire(04)
Mensaje Y / 00:02:30:004 / emergency_fire(04) / out /      1.00000 para top(01)
Mensaje D / 00:02:30:004 / emergency_fire(04) / ... para top(01)
Mensaje X / 00:02:30:004 / top(01) / emin /      1.00000 para fire(05)
Mensaje D / 00:02:30:004 / fire(05) / 00:00:00:004 para top(01)
Mensaje D / 00:02:30:004 / top(01) / 00:00:00:004 para Root(00)
Mensaje * / 00:02:30:008 / Root(00) para top(01)
Mensaje * / 00:02:30:008 / top(01) para fire(05)
Mensaje Y / 00:02:30:008 / fire(05) / out /      1.00000 para top(01)
Mensaje D / 00:02:30:008 / fire(05) / ... para top(01)
Mensaje Y / 00:02:30:008 / top(01) / out /      1.00000 para Root(00)
Mensaje D / 00:02:30:008 / top(01) / ... para Root(00)
