Mensaje I / 00:00:00:000 / Root(00) para top(01)
Mensaje I / 00:00:00:000 / top(01) para barrel(02)
Mensaje I / 00:00:00:000 / top(01) para safety_loader(03)
Mensaje D / 00:00:00:000 / barrel(02) / ... para top(01)
Mensaje D / 00:00:00:000 / safety_loader(03) / ... para top(01)
Mensaje D / 00:00:00:000 / top(01) / ... para Root(00)
Mensaje X / 00:00:50:000 / Root(00) / ain /      1.00000 para top(01)
Mensaje X / 00:00:50:000 / top(01) / ain /      1.00000 para barrel(02)
Mensaje D / 00:00:50:000 / barrel(02) / ... para top(01)
Mensaje D / 00:00:50:000 / top(01) / ... para Root(00)
Mensaje X / 00:01:20:000 / Root(00) / sin /      1.00000 para top(01)
Mensaje X / 00:01:20:000 / top(01) / sin /      1.00000 para safety_loader(03)
Mensaje D / 00:01:20:000 / safety_loader(03) / 00:00:00:000 para top(01)
Mensaje D / 00:01:20:000 / top(01) / 00:00:00:000 para Root(00)
Mensaje * / 00:01:20:000 / Root(00) para top(01)
Mensaje * / 00:01:20:000 / top(01) para safety_loader(03)
Mensaje Y / 00:01:20:000 / safety_loader(03) / out /      1.00000 para top(01)
Mensaje D / 00:01:20:000 / safety_loader(03) / ... para top(01)
Mensaje X / 00:01:20:000 / top(01) / sfin /      1.00000 para barrel(02)
Mensaje D / 00:01:20:000 / barrel(02) / ... para top(01)
Mensaje D / 00:01:20:000 / top(01) / ... para Root(00)
Mensaje X / 00:02:30:000 / Root(00) / fin /      1.00000 para top(01)
Mensaje X / 00:02:30:000 / top(01) / fin /      1.00000 para barrel(02)
Mensaje D / 00:02:30:000 / barrel(02) / 00:00:00:002 para top(01)
Mensaje D / 00:02:30:000 / top(01) / 00:00:00:002 para Root(00)
Mensaje * / 00:02:30:002 / Root(00) para top(01)
Mensaje * / 00:02:30:002 / top(01) para barrel(02)
Mensaje Y / 00:02:30:002 / barrel(02) / ammu_out /      1.00000 para top(01)
Mensaje D / 00:02:30:002 / barrel(02) / ... para top(01)
Mensaje Y / 00:02:30:002 / top(01) / ammu_out /      1.00000 para Root(00)
Mensaje D / 00:02:30:002 / top(01) / ... para Root(00)
Mensaje X / 00:03:25:000 / Root(00) / ain /      1.00000 para top(01)
Mensaje X / 00:03:25:000 / top(01) / ain /      1.00000 para barrel(02)
Mensaje D / 00:03:25:000 / barrel(02) / ... para top(01)
Mensaje D / 00:03:25:000 / top(01) / ... para Root(00)
Mensaje X / 00:03:40:000 / Root(00) / sin /      0.00000 para top(01)
Mensaje X / 00:03:40:000 / top(01) / sin /      0.00000 para safety_loader(03)
Mensaje D / 00:03:40:000 / safety_loader(03) / 00:00:00:000 para top(01)
Mensaje D / 00:03:40:000 / top(01) / 00:00:00:000 para Root(00)
Mensaje * / 00:03:40:000 / Root(00) para top(01)
Mensaje * / 00:03:40:000 / top(01) para safety_loader(03)
Mensaje Y / 00:03:40:000 / safety_loader(03) / out /      0.00000 para top(01)
Mensaje D / 00:03:40:000 / safety_loader(03) / ... para top(01)
Mensaje X / 00:03:40:000 / top(01) / sfin /      0.00000 para barrel(02)
Mensaje D / 00:03:40:000 / barrel(02) / ... para top(01)
Mensaje D / 00:03:40:000 / top(01) / ... para Root(00)
Mensaje X / 00:04:10:000 / Root(00) / fin /      1.00000 para top(01)
Mensaje X / 00:04:10:000 / top(01) / fin /      1.00000 para barrel(02)
Mensaje D / 00:04:10:000 / barrel(02) / ... para top(01)
Mensaje D / 00:04:10:000 / top(01) / ... para Root(00)
Mensaje X / 00:05:25:000 / Root(00) / ain /      1.00000 para top(01)
Mensaje X / 00:05:25:000 / top(01) / ain /      1.00000 para barrel(02)
Mensaje D / 00:05:25:000 / barrel(02) / ... para top(01)
Mensaje D / 00:05:25:000 / top(01) / ... para Root(00)
Mensaje X / 00:05:40:000 / Root(00) / sin /      1.00000 para top(01)
Mensaje X / 00:05:40:000 / top(01) / sin /      1.00000 para safety_loader(03)
Mensaje D / 00:05:40:000 / safety_loader(03) / 00:00:00:000 para top(01)
Mensaje D / 00:05:40:000 / top(01) / 00:00:00:000 para Root(00)
Mensaje * / 00:05:40:000 / Root(00) para top(01)
Mensaje * / 00:05:40:000 / top(01) para safety_loader(03)
Mensaje Y / 00:05:40:000 / safety_loader(03) / out /      1.00000 para top(01)
Mensaje D / 00:05:40:000 / safety_loader(03) / ... para top(01)
Mensaje X / 00:05:40:000 / top(01) / sfin /      1.00000 para barrel(02)
Mensaje D / 00:05:40:000 / barrel(02) / 00:00:00:002 para top(01)
Mensaje D / 00:05:40:000 / top(01) / 00:00:00:002 para Root(00)
Mensaje * / 00:05:40:002 / Root(00) para top(01)
Mensaje * / 00:05:40:002 / top(01) para barrel(02)
Mensaje Y / 00:05:40:002 / barrel(02) / ammu_out /      1.00000 para top(01)
Mensaje D / 00:05:40:002 / barrel(02) / ... para top(01)
Mensaje Y / 00:05:40:002 / top(01) / ammu_out /      1.00000 para Root(00)
Mensaje D / 00:05:40:002 / top(01) / ... para Root(00)
Mensaje X / 00:06:15:000 / Root(00) / fin /      1.00000 para top(01)
Mensaje X / 00:06:15:000 / top(01) / fin /      1.00000 para barrel(02)
Mensaje D / 00:06:15:000 / barrel(02) / ... para top(01)
Mensaje D / 00:06:15:000 / top(01) / ... para Root(00)
