Mensaje I / 00:00:00:000 / Root(00) para top(01)
Mensaje I / 00:00:00:000 / top(01) para safety_loader(02)
Mensaje D / 00:00:00:000 / safety_loader(02) / ... para top(01)
Mensaje D / 00:00:00:000 / top(01) / ... para Root(00)
Mensaje X / 00:00:20:000 / Root(00) / sin /      1.00000 para top(01)
Mensaje X / 00:00:20:000 / top(01) / sin /      1.00000 para safety_loader(02)
Mensaje D / 00:00:20:000 / safety_loader(02) / 00:00:00:000 para top(01)
Mensaje D / 00:00:20:000 / top(01) / 00:00:00:000 para Root(00)
Mensaje * / 00:00:20:000 / Root(00) para top(01)
Mensaje * / 00:00:20:000 / top(01) para safety_loader(02)
Mensaje Y / 00:00:20:000 / safety_loader(02) / out /      1.00000 para top(01)
Mensaje D / 00:00:20:000 / safety_loader(02) / ... para top(01)
Mensaje Y / 00:00:20:000 / top(01) / out /      1.00000 para Root(00)
Mensaje D / 00:00:20:000 / top(01) / ... para Root(00)
Mensaje X / 00:00:50:000 / Root(00) / sin /      0.00000 para top(01)
Mensaje X / 00:00:50:000 / top(01) / sin /      0.00000 para safety_loader(02)
Mensaje D / 00:00:50:000 / safety_loader(02) / 00:00:00:000 para top(01)
Mensaje D / 00:00:50:000 / top(01) / 00:00:00:000 para Root(00)
Mensaje * / 00:00:50:000 / Root(00) para top(01)
Mensaje * / 00:00:50:000 / top(01) para safety_loader(02)
Mensaje Y / 00:00:50:000 / safety_loader(02) / out /      0.00000 para top(01)
Mensaje D / 00:00:50:000 / safety_loader(02) / ... para top(01)
Mensaje Y / 00:00:50:000 / top(01) / out /      0.00000 para Root(00)
Mensaje D / 00:00:50:000 / top(01) / ... para Root(00)
Mensaje X / 00:02:30:000 / Root(00) / sin /      1.00000 para top(01)
Mensaje X / 00:02:30:000 / top(01) / sin /      1.00000 para safety_loader(02)
Mensaje D / 00:02:30:000 / safety_loader(02) / 00:00:00:000 para top(01)
Mensaje D / 00:02:30:000 / top(01) / 00:00:00:000 para Root(00)
Mensaje * / 00:02:30:000 / Root(00) para top(01)
Mensaje * / 00:02:30:000 / top(01) para safety_loader(02)
Mensaje Y / 00:02:30:000 / safety_loader(02) / out /      1.00000 para top(01)
Mensaje D / 00:02:30:000 / safety_loader(02) / ... para top(01)
Mensaje Y / 00:02:30:000 / top(01) / out /      1.00000 para Root(00)
Mensaje D / 00:02:30:000 / top(01) / ... para Root(00)
Mensaje X / 00:03:20:000 / Root(00) / sin /      0.00000 para top(01)
Mensaje X / 00:03:20:000 / top(01) / sin /      0.00000 para safety_loader(02)
Mensaje D / 00:03:20:000 / safety_loader(02) / 00:00:00:000 para top(01)
Mensaje D / 00:03:20:000 / top(01) / 00:00:00:000 para Root(00)
Mensaje * / 00:03:20:000 / Root(00) para top(01)
Mensaje * / 00:03:20:000 / top(01) para safety_loader(02)
Mensaje Y / 00:03:20:000 / safety_loader(02) / out /      0.00000 para top(01)
Mensaje D / 00:03:20:000 / safety_loader(02) / ... para top(01)
Mensaje Y / 00:03:20:000 / top(01) / out /      0.00000 para Root(00)
Mensaje D / 00:03:20:000 / top(01) / ... para Root(00)
