Mensaje I / 00:00:00:000 / Root(00) para top(01)
Mensaje I / 00:00:00:000 / top(01) para loader(02)
Mensaje I / 00:00:00:000 / top(01) para gunner(05)
Mensaje I / 00:00:00:000 / loader(02) para barrel(03)
Mensaje I / 00:00:00:000 / loader(02) para safety_loader(04)
Mensaje I / 00:00:00:000 / gunner(05) para electric_fire(06)
Mensaje I / 00:00:00:000 / gunner(05) para manual_fire(07)
Mensaje I / 00:00:00:000 / gunner(05) para emergency_fire(08)
Mensaje I / 00:00:00:000 / gunner(05) para fire(09)
Mensaje D / 00:00:00:000 / barrel(03) / ... para loader(02)
Mensaje D / 00:00:00:000 / safety_loader(04) / ... para loader(02)
Mensaje D / 00:00:00:000 / electric_fire(06) / ... para gunner(05)
Mensaje D / 00:00:00:000 / manual_fire(07) / ... para gunner(05)
Mensaje D / 00:00:00:000 / emergency_fire(08) / ... para gunner(05)
Mensaje D / 00:00:00:000 / fire(09) / ... para gunner(05)
Mensaje D / 00:00:00:000 / loader(02) / ... para top(01)
Mensaje D / 00:00:00:000 / gunner(05) / ... para top(01)
Mensaje D / 00:00:00:000 / top(01) / ... para Root(00)
Mensaje X / 00:00:05:000 / Root(00) / ammu_in /      1.00000 para top(01)
Mensaje X / 00:00:05:000 / top(01) / ain /      1.00000 para loader(02)
Mensaje X / 00:00:05:000 / loader(02) / ain /      1.00000 para barrel(03)
Mensaje D / 00:00:05:000 / barrel(03) / ... para loader(02)
Mensaje D / 00:00:05:000 / loader(02) / ... para top(01)
Mensaje D / 00:00:05:000 / top(01) / ... para Root(00)
Mensaje X / 00:00:05:000 / Root(00) / ammu_in /      1.00000 para top(01)
Mensaje X / 00:00:05:000 / top(01) / ain /      1.00000 para loader(02)
Mensaje X / 00:00:05:000 / loader(02) / ain /      1.00000 para barrel(03)
Mensaje D / 00:00:05:000 / barrel(03) / ... para loader(02)
Mensaje D / 00:00:05:000 / loader(02) / ... para top(01)
Mensaje D / 00:00:05:000 / top(01) / ... para Root(00)
Mensaje X / 00:00:10:000 / Root(00) / safety_in /      1.00000 para top(01)
Mensaje X / 00:00:10:000 / top(01) / sin /      1.00000 para loader(02)
Mensaje X / 00:00:10:000 / loader(02) / sin /      1.00000 para safety_loader(04)
Mensaje D / 00:00:10:000 / safety_loader(04) / 00:00:00:000 para loader(02)
Mensaje D / 00:00:10:000 / loader(02) / 00:00:00:000 para top(01)
Mensaje D / 00:00:10:000 / top(01) / 00:00:00:000 para Root(00)
Mensaje X / 00:00:10:000 / Root(00) / safety_in /      1.00000 para top(01)
Mensaje X / 00:00:10:000 / top(01) / sin /      1.00000 para loader(02)
Mensaje X / 00:00:10:000 / loader(02) / sin /      1.00000 para safety_loader(04)
Mensaje D / 00:00:10:000 / safety_loader(04) / 00:00:00:000 para loader(02)
Mensaje D / 00:00:10:000 / loader(02) / 00:00:00:000 para top(01)
Mensaje D / 00:00:10:000 / top(01) / 00:00:00:000 para Root(00)
Mensaje * / 00:00:10:000 / Root(00) para top(01)
Mensaje * / 00:00:10:000 / top(01) para loader(02)
Mensaje * / 00:00:10:000 / loader(02) para safety_loader(04)
Mensaje Y / 00:00:10:000 / safety_loader(04) / out /      1.00000 para loader(02)
Mensaje D / 00:00:10:000 / safety_loader(04) / ... para loader(02)
Mensaje X / 00:00:10:000 / loader(02) / sfin /      1.00000 para barrel(03)
Mensaje D / 00:00:10:000 / barrel(03) / ... para loader(02)
Mensaje D / 00:00:10:000 / loader(02) / ... para top(01)
Mensaje D / 00:00:10:000 / top(01) / ... para Root(00)
Mensaje X / 00:00:20:000 / Root(00) / elec_in /      1.00000 para top(01)
Mensaje X / 00:00:20:000 / top(01) / ecin /      1.00000 para gunner(05)
Mensaje X / 00:00:20:000 / gunner(05) / in /      1.00000 para electric_fire(06)
Mensaje D / 00:00:20:000 / electric_fire(06) / 00:00:00:004 para gunner(05)
Mensaje D / 00:00:20:000 / gunner(05) / 00:00:00:004 para top(01)
Mensaje D / 00:00:20:000 / top(01) / 00:00:00:004 para Root(00)
Mensaje X / 00:00:20:000 / Root(00) / manu_in /      0.00000 para top(01)
Mensaje X / 00:00:20:000 / top(01) / min /      0.00000 para gunner(05)
Mensaje X / 00:00:20:000 / gunner(05) / in /      0.00000 para manual_fire(07)
Mensaje D / 00:00:20:000 / manual_fire(07) / ... para gunner(05)
Mensaje D / 00:00:20:000 / gunner(05) / 00:00:00:004 para top(01)
Mensaje D / 00:00:20:000 / top(01) / 00:00:00:004 para Root(00)
Mensaje X / 00:00:20:000 / Root(00) / emerg_in /      0.00000 para top(01)
Mensaje X / 00:00:20:000 / top(01) / emin /      0.00000 para gunner(05)
Mensaje X / 00:00:20:000 / gunner(05) / in /      0.00000 para emergency_fire(08)
Mensaje D / 00:00:20:000 / emergency_fire(08) / ... para gunner(05)
Mensaje D / 00:00:20:000 / gunner(05) / 00:00:00:004 para top(01)
Mensaje D / 00:00:20:000 / top(01) / 00:00:00:004 para Root(00)
Mensaje X / 00:00:20:000 / Root(00) / elec_in /      1.00000 para top(01)
Mensaje X / 00:00:20:000 / top(01) / ecin /      1.00000 para gunner(05)
Mensaje X / 00:00:20:000 / gunner(05) / in /      1.00000 para electric_fire(06)
Mensaje D / 00:00:20:000 / electric_fire(06) / 00:00:00:004 para gunner(05)
Mensaje D / 00:00:20:000 / gunner(05) / 00:00:00:004 para top(01)
Mensaje D / 00:00:20:000 / top(01) / 00:00:00:004 para Root(00)
Mensaje X / 00:00:20:000 / Root(00) / manu_in /      0.00000 para top(01)
Mensaje X / 00:00:20:000 / top(01) / min /      0.00000 para gunner(05)
Mensaje X / 00:00:20:000 / gunner(05) / in /      0.00000 para manual_fire(07)
Mensaje D / 00:00:20:000 / manual_fire(07) / ... para gunner(05)
Mensaje D / 00:00:20:000 / gunner(05) / 00:00:00:004 para top(01)
Mensaje D / 00:00:20:000 / top(01) / 00:00:00:004 para Root(00)
Mensaje X / 00:00:20:000 / Root(00) / emerg_in /      0.00000 para top(01)
Mensaje X / 00:00:20:000 / top(01) / emin /      0.00000 para gunner(05)
Mensaje X / 00:00:20:000 / gunner(05) / in /      0.00000 para emergency_fire(08)
Mensaje D / 00:00:20:000 / emergency_fire(08) / ... para gunner(05)
Mensaje D / 00:00:20:000 / gunner(05) / 00:00:00:004 para top(01)
Mensaje D / 00:00:20:000 / top(01) / 00:00:00:004 para Root(00)
Mensaje * / 00:00:20:004 / Root(00) para top(01)
Mensaje * / 00:00:20:004 / top(01) para gunner(05)
Mensaje * / 00:00:20:004 / gunner(05) para electric_fire(06)
Mensaje Y / 00:00:20:004 / electric_fire(06) / out /      1.00000 para gunner(05)
Mensaje D / 00:00:20:004 / electric_fire(06) / ... para gunner(05)
Mensaje X / 00:00:20:004 / gunner(05) / ecin /      1.00000 para fire(09)
Mensaje D / 00:00:20:004 / fire(09) / 00:00:00:004 para gunner(05)
Mensaje D / 00:00:20:004 / gunner(05) / 00:00:00:004 para top(01)
Mensaje D / 00:00:20:004 / top(01) / 00:00:00:004 para Root(00)
Mensaje * / 00:00:20:008 / Root(00) para top(01)
Mensaje * / 00:00:20:008 / top(01) para gunner(05)
Mensaje * / 00:00:20:008 / gunner(05) para fire(09)
Mensaje Y / 00:00:20:008 / fire(09) / out /      1.00000 para gunner(05)
Mensaje D / 00:00:20:008 / fire(09) / ... para gunner(05)
Mensaje Y / 00:00:20:008 / gunner(05) / out /      1.00000 para top(01)
Mensaje D / 00:00:20:008 / gunner(05) / ... para top(01)
Mensaje X / 00:00:20:008 / top(01) / fin /      1.00000 para loader(02)
Mensaje X / 00:00:20:008 / loader(02) / fin /      1.00000 para barrel(03)
Mensaje D / 00:00:20:008 / barrel(03) / 00:00:00:002 para loader(02)
Mensaje D / 00:00:20:008 / loader(02) / 00:00:00:002 para top(01)
Mensaje D / 00:00:20:008 / top(01) / 00:00:00:002 para Root(00)
Mensaje * / 00:00:20:010 / Root(00) para top(01)
Mensaje * / 00:00:20:010 / top(01) para loader(02)
Mensaje * / 00:00:20:010 / loader(02) para barrel(03)
Mensaje Y / 00:00:20:010 / barrel(03) / ammu_out /      1.00000 para loader(02)
Mensaje D / 00:00:20:010 / barrel(03) / ... para loader(02)
Mensaje Y / 00:00:20:010 / loader(02) / ammu_out /      1.00000 para top(01)
Mensaje D / 00:00:20:010 / loader(02) / ... para top(01)
Mensaje Y / 00:00:20:010 / top(01) / amm_out /      1.00000 para Root(00)
Mensaje D / 00:00:20:010 / top(01) / ... para Root(00)
